Trasen.exe Created Log File
********************************************** Local Time : 2018-04-26 9:03:11 **********************************************
[2018-04-26 09:03:11]Begin Invoke “StartupMain(string,TrasenFrame.Classs.ConnectionType,string,bool,bool)”
[2018-04-26 09:03:15]Initialize Database Connection Object (TrasenFrame.Forms.FrmMdiMain.Database.Initialize( connectionString ))
[2018-04-26 09:03:15]Start Check Update File
[2018-04-26 09:03:15]UpdateFile.ini->[UPDATETYPE]->NotUpdate=true,Stop Update and Return to Main Program
********************************************** Local Time : 2018-04-26 9:04:48 **********************************************
[2018-04-26 09:04:48]Begin Invoke “StartupMain(string,TrasenFrame.Classs.ConnectionType,string,bool,bool)”
[2018-04-26 09:04:52]Initialize Database Connection Object (TrasenFrame.Forms.FrmMdiMain.Database.Initialize( connectionString ))
[2018-04-26 09:04:52]Start Check Update File
[2018-04-26 09:04:53]UpdateFile.ini->[UPDATETYPE]->NotUpdate=true,Stop Update and Return to Main Program
********************************************** Local Time : 2018-04-26 9:08:35 **********************************************
[2018-04-26 09:08:35]Begin Invoke “StartupMain(string,TrasenFrame.Classs.ConnectionType,string,bool,bool)”
[2018-04-26 09:08:40]Initialize Database Connection Object (TrasenFrame.Forms.FrmMdiMain.Database.Initialize( connectionString ))
[2018-04-26 09:08:40]Start Check Update File
[2018-04-26 09:08:40]UpdateFile.ini->[UPDATETYPE]->NotUpdate=true,Stop Update and Return to Main Program
********************************************** Local Time : 2018-04-26 11:21:37 **********************************************
[2018-04-26 11:21:37]Begin Invoke “StartupMain(string,TrasenFrame.Classs.ConnectionType,string,bool,bool)”
[2018-04-26 11:21:40]Initialize Database Connection Object (TrasenFrame.Forms.FrmMdiMain.Database.Initialize( connectionString ))
[2018-04-26 11:21:40]Start Check Update File
[2018-04-26 11:21:40]UpdateFile.ini->[UPDATETYPE]->NotUpdate=true,Stop Update and Return to Main Program
********************************************** Local Time : 2018-04-26 11:26:12 **********************************************
[2018-04-26 11:26:12]Begin Invoke “StartupMain(string,TrasenFrame.Classs.ConnectionType,string,bool,bool)”
[2018-04-26 11:26:25]Initialize Database Connection Object (TrasenFrame.Forms.FrmMdiMain.Database.Initialize( connectionString ))
[2018-04-26 11:26:25]Start Check Update File
[2018-04-26 11:26:25]UpdateFile.ini->[UPDATETYPE]->NotUpdate=true,Stop Update and Return to Main Program
********************************************** Local Time : 2018-04-26 11:38:30 **********************************************
[2018-04-26 11:38:30]Begin Invoke “StartupMain(string,TrasenFrame.Classs.ConnectionType,string,bool,bool)”
[2018-04-26 11:38:32]Initialize Database Connection Object (TrasenFrame.Forms.FrmMdiMain.Database.Initialize( connectionString ))
[2018-04-26 11:38:32]Start Check Update File
[2018-04-26 11:38:32]UpdateFile.ini->[UPDATETYPE]->NotUpdate=true,Stop Update and Return to Main Program
********************************************** Local Time : 2018-04-26 11:40:32 **********************************************
[2018-04-26 11:40:32]Begin Invoke “StartupMain(string,TrasenFrame.Classs.ConnectionType,string,bool,bool)”
[2018-04-26 11:40:35]Initialize Database Connection Object (TrasenFrame.Forms.FrmMdiMain.Database.Initialize( connectionString ))
[2018-04-26 11:40:35]Start Check Update File
[2018-04-26 11:40:35]UpdateFile.ini->[UPDATETYPE]->NotUpdate=true,Stop Update and Return to Main Program
********************************************** Local Time : 2018-04-26 11:42:31 **********************************************
[2018-04-26 11:42:31]Begin Invoke “StartupMain(string,TrasenFrame.Classs.ConnectionType,string,bool,bool)”
[2018-04-26 11:42:36]Initialize Database Connection Object (TrasenFrame.Forms.FrmMdiMain.Database.Initialize( connectionString ))
[2018-04-26 11:42:36]Start Check Update File
[2018-04-26 11:42:36]UpdateFile.ini->[UPDATETYPE]->NotUpdate=true,Stop Update and Return to Main Program
********************************************** Local Time : 2018-04-26 11:43:25 **********************************************
[2018-04-26 11:43:25]Begin Invoke “StartupMain(string,TrasenFrame.Classs.ConnectionType,string,bool,bool)”
[2018-04-26 11:43:39]Initialize Database Connection Object (TrasenFrame.Forms.FrmMdiMain.Database.Initialize( connectionString ))
[2018-04-26 11:43:39]Start Check Update File
[2018-04-26 11:43:39]UpdateFile.ini->[UPDATETYPE]->NotUpdate=true,Stop Update and Return to Main Program
********************************************** Local Time : 2018-04-26 11:45:40 **********************************************
[2018-04-26 11:45:40]Begin Invoke “StartupMain(string,TrasenFrame.Classs.ConnectionType,string,bool,bool)”
[2018-04-26 11:45:44]Initialize Database Connection Object (TrasenFrame.Forms.FrmMdiMain.Database.Initialize( connectionString ))
[2018-04-26 11:45:44]Start Check Update File
[2018-04-26 11:45:44]UpdateFile.ini->[UPDATETYPE]->NotUpdate=true,Stop Update and Return to Main Program
********************************************** Local Time : 2018-04-26 11:47:44 **********************************************
[2018-04-26 11:47:44]Begin Invoke “StartupMain(string,TrasenFrame.Classs.ConnectionType,string,bool,bool)”
[2018-04-26 11:47:47]Initialize Database Connection Object (TrasenFrame.Forms.FrmMdiMain.Database.Initialize( connectionString ))
[2018-04-26 11:47:47]Start Check Update File
[2018-04-26 11:47:47]UpdateFile.ini->[UPDATETYPE]->NotUpdate=true,Stop Update and Return to Main Program
********************************************** Local Time : 2018-04-26 11:54:16 **********************************************
[2018-04-26 11:54:16]Begin Invoke “StartupMain(string,TrasenFrame.Classs.ConnectionType,string,bool,bool)”
[2018-04-26 11:54:20]Initialize Database Connection Object (TrasenFrame.Forms.FrmMdiMain.Database.Initialize( connectionString ))
[2018-04-26 11:54:20]Start Check Update File
[2018-04-26 11:54:20]UpdateFile.ini->[UPDATETYPE]->NotUpdate=true,Stop Update and Return to Main Program
********************************************** Local Time : 2018-04-26 12:56:19 **********************************************
[2018-04-26 12:56:19]Begin Invoke “StartupMain(string,TrasenFrame.Classs.ConnectionType,string,bool,bool)”
[2018-04-26 12:56:21]Initialize Database Connection Object (TrasenFrame.Forms.FrmMdiMain.Database.Initialize( connectionString ))
[2018-04-26 12:56:21]Start Check Update File
[2018-04-26 12:56:21]UpdateFile.ini->[UPDATETYPE]->NotUpdate=true,Stop Update and Return to Main Program
********************************************** Local Time : 2018-04-26 13:08:45 **********************************************
[2018-04-26 13:08:45]Begin Invoke “StartupMain(string,TrasenFrame.Classs.ConnectionType,string,bool,bool)”
[2018-04-26 13:08:49]Initialize Database Connection Object (TrasenFrame.Forms.FrmMdiMain.Database.Initialize( connectionString ))
[2018-04-26 13:08:49]Start Check Update File
[2018-04-26 13:08:49]UpdateFile.ini->[UPDATETYPE]->NotUpdate=true,Stop Update and Return to Main Program
********************************************** Local Time : 2018-04-26 13:33:18 **********************************************
[2018-04-26 13:33:18]Begin Invoke “StartupMain(string,TrasenFrame.Classs.ConnectionType,string,bool,bool)”
[2018-04-26 13:33:23]Initialize Database Connection Object (TrasenFrame.Forms.FrmMdiMain.Database.Initialize( connectionString ))
[2018-04-26 13:33:23]Start Check Update File
[2018-04-26 13:33:23]UpdateFile.ini->[UPDATETYPE]->NotUpdate=true,Stop Update and Return to Main Program
********************************************** Local Time : 2018-04-26 14:10:48 **********************************************
[2018-04-26 14:10:48]Begin Invoke “StartupMain(string,TrasenFrame.Classs.ConnectionType,string,bool,bool)”
[2018-04-26 14:10:51]Initialize Database Connection Object (TrasenFrame.Forms.FrmMdiMain.Database.Initialize( connectionString ))
[2018-04-26 14:10:51]Start Check Update File
[2018-04-26 14:10:51]UpdateFile.ini->[UPDATETYPE]->NotUpdate=true,Stop Update and Return to Main Program
********************************************** Local Time : 2018-04-26 14:12:14 **********************************************
[2018-04-26 14:12:14]Begin Invoke “StartupMain(string,TrasenFrame.Classs.ConnectionType,string,bool,bool)”
[2018-04-26 14:13:15]Initialize Database Connection Object (TrasenFrame.Forms.FrmMdiMain.Database.Initialize( connectionString ))
[2018-04-26 14:13:15]Start Check Update File
[2018-04-26 14:13:15]UpdateFile.ini->[UPDATETYPE]->NotUpdate=true,Stop Update and Return to Main Program
********************************************** Local Time : 2018-04-26 14:58:54 **********************************************
[2018-04-26 14:58:54]Begin Invoke “StartupMain(string,TrasenFrame.Classs.ConnectionType,string,bool,bool)”
[2018-04-26 15:00:28]Initialize Database Connection Object (TrasenFrame.Forms.FrmMdiMain.Database.Initialize( connectionString ))
[2018-04-26 15:00:28]Start Check Update File
[2018-04-26 15:00:28]UpdateFile.ini->[UPDATETYPE]->NotUpdate=true,Stop Update and Return to Main Program
********************************************** Local Time : 2018-04-26 15:24:24 **********************************************
[2018-04-26 15:24:24]Begin Invoke “StartupMain(string,TrasenFrame.Classs.ConnectionType,string,bool,bool)”
[2018-04-26 15:24:30]Initialize Database Connection Object (TrasenFrame.Forms.FrmMdiMain.Database.Initialize( connectionString ))
[2018-04-26 15:24:30]Start Check Update File
[2018-04-26 15:24:30]UpdateFile.ini->[UPDATETYPE]->NotUpdate=true,Stop Update and Return to Main Program
********************************************** Local Time : 2018-04-26 15:36:22 **********************************************
[2018-04-26 15:36:22]Begin Invoke “StartupMain(string,TrasenFrame.Classs.ConnectionType,string,bool,bool)”
[2018-04-26 15:36:25]Initialize Database Connection Object (TrasenFrame.Forms.FrmMdiMain.Database.Initialize( connectionString ))
[2018-04-26 15:36:25]Start Check Update File
[2018-04-26 15:36:25]UpdateFile.ini->[UPDATETYPE]->NotUpdate=true,Stop Update and Return to Main Program
********************************************** Local Time : 2018-04-26 15:43:38 **********************************************
[2018-04-26 15:43:38]Begin Invoke “StartupMain(string,TrasenFrame.Classs.ConnectionType,string,bool,bool)”
[2018-04-26 15:43:41]Initialize Database Connection Object (TrasenFrame.Forms.FrmMdiMain.Database.Initialize( connectionString ))
[2018-04-26 15:43:41]Start Check Update File
[2018-04-26 15:43:41]UpdateFile.ini->[UPDATETYPE]->NotUpdate=true,Stop Update and Return to Main Program
********************************************** Local Time : 2018-04-26 15:55:13 **********************************************
[2018-04-26 15:55:13]Begin Invoke “StartupMain(string,TrasenFrame.Classs.ConnectionType,string,bool,bool)”
[2018-04-26 15:55:16]Initialize Database Connection Object (TrasenFrame.Forms.FrmMdiMain.Database.Initialize( connectionString ))
[2018-04-26 15:55:16]Start Check Update File
[2018-04-26 15:55:17]UpdateFile.ini->[UPDATETYPE]->NotUpdate=true,Stop Update and Return to Main Program
********************************************** Local Time : 2018-04-26 15:56:15 **********************************************
[2018-04-26 15:56:15]Begin Invoke “StartupMain(string,TrasenFrame.Classs.ConnectionType,string,bool,bool)”
********************************************** Local Time : 2018-04-26 18:13:37 **********************************************
[2018-04-26 18:13:37]Begin Invoke “StartupMain(string,TrasenFrame.Classs.ConnectionType,string,bool,bool)”
[2018-04-26 18:13:43]Initialize Database Connection Object (TrasenFrame.Forms.FrmMdiMain.Database.Initialize( connectionString ))
[2018-04-26 18:13:43]Start Check Update File
[2018-04-26 18:13:43]UpdateFile.ini->[UPDATETYPE]->NotUpdate=true,Stop Update and Return to Main Program
********************************************** Local Time : 2018-04-26 22:05:21 **********************************************
[2018-04-26 22:05:21]Begin Invoke “StartupMain(string,TrasenFrame.Classs.ConnectionType,string,bool,bool)”
********************************************** Local Time : 2018-04-26 22:06:52 **********************************************
[2018-04-26 22:06:52]Begin Invoke “StartupMain(string,TrasenFrame.Classs.ConnectionType,string,bool,bool)”
********************************************** Local Time : 2018-04-26 22:14:07 **********************************************
[2018-04-26 22:14:07]Begin Invoke “StartupMain(string,TrasenFrame.Classs.ConnectionType,string,bool,bool)”
********************************************** Local Time : 2018-04-26 22:15:21 **********************************************
[2018-04-26 22:15:21]Begin Invoke “StartupMain(string,TrasenFrame.Classs.ConnectionType,string,bool,bool)”
