[2013-12-30 10:06:13]Trasen.exe创建升级日志文件
[2013-12-30 10:06:13]初始化水晶报表组件完成
[2013-12-30 10:06:17]TrasenHIS进程:2520启动的进程:4980
[2013-12-30 10:06:17]正在监听端口4118
[2013-12-30 10:06:18]初始化水晶报表组件完成
[2013-12-30 10:06:18]定时器正在运行
[2013-12-30 10:06:18]2520进程有效
[2013-12-30 10:06:19]定时器正在运行
[2013-12-30 10:06:19]2520进程有效
[2013-12-30 10:06:20]定时器正在运行
[2013-12-30 10:06:20]2520进程有效
[2013-12-30 10:06:21]定时器正在运行
[2013-12-30 10:06:21]2520进程有效
[2013-12-30 10:06:22]定时器正在运行
[2013-12-30 10:06:22]2520进程有效
[2013-12-30 10:06:23]定时器正在运行
[2013-12-30 10:06:23]2520进程有效
[2013-12-30 10:06:24]定时器正在运行
[2013-12-30 10:06:24]2520进程有效
[2013-12-30 10:06:25]定时器正在运行
[2013-12-30 10:06:25]2520进程有效
[2013-12-30 10:06:26]定时器正在运行
[2013-12-30 10:06:26]2520进程有效
[2013-12-30 10:06:27]定时器正在运行
[2013-12-30 10:06:27]2520进程有效
[2013-12-30 10:06:28]定时器正在运行
[2013-12-30 10:06:28]ID 为 2520 的进程当前未运行。
[2013-12-30 10:06:29]定时器正在运行
[2013-12-30 10:06:29]ID 为 2520 的进程当前未运行。
[2013-12-30 10:06:30]定时器正在运行
[2013-12-30 10:06:30]ID 为 2520 的进程当前未运行。
[2013-12-30 10:06:31]定时器正在运行
[2013-12-30 10:06:31]ID 为 2520 的进程当前未运行。
[2013-12-30 10:06:32]定时器正在运行
[2013-12-30 10:06:32]ID 为 2520 的进程当前未运行。
[2013-12-30 10:06:33]定时器正在运行
[2013-12-30 10:06:33]ID 为 2520 的进程当前未运行。
[2013-12-30 10:06:34]定时器正在运行
[2013-12-30 10:06:34]ID 为 2520 的进程当前未运行。
[2013-12-30 10:06:35]定时器正在运行
[2013-12-30 10:06:35]ID 为 2520 的进程当前未运行。
[2013-12-30 10:06:36]定时器正在运行
[2013-12-30 10:06:36]ID 为 2520 的进程当前未运行。
[2013-12-30 10:06:37]定时器正在运行
[2013-12-30 10:06:37]ID 为 2520 的进程当前未运行。
[2013-12-30 10:06:38]定时器正在运行
[2013-12-30 10:06:38]ID 为 2520 的进程当前未运行。
[2013-12-30 10:06:39]定时器正在运行
[2013-12-30 10:06:39]ID 为 2520 的进程当前未运行。
[2013-12-30 10:06:40]定时器正在运行
[2013-12-30 10:06:40]ID 为 2520 的进程当前未运行。
[2013-12-30 10:06:41]定时器正在运行
[2013-12-30 10:06:41]ID 为 2520 的进程当前未运行。
[2013-12-30 10:06:42]定时器正在运行
[2013-12-30 10:06:42]ID 为 2520 的进程当前未运行。
[2013-12-30 10:06:43]定时器正在运行
[2013-12-30 10:06:44]ID 为 2520 的进程当前未运行。
[2013-12-30 10:06:45]定时器正在运行
[2013-12-30 10:06:45]ID 为 2520 的进程当前未运行。
[2013-12-30 10:06:46]定时器正在运行
[2013-12-30 10:06:46]ID 为 2520 的进程当前未运行。
[2013-12-30 10:06:47]定时器正在运行
[2013-12-30 10:06:47]ID 为 2520 的进程当前未运行。
[2013-12-30 10:06:48]定时器正在运行
[2013-12-30 10:06:48]ID 为 2520 的进程当前未运行。
[2013-12-30 10:06:49]定时器正在运行
[2013-12-30 10:06:49]ID 为 2520 的进程当前未运行。
[2013-12-30 10:06:50]定时器正在运行
[2013-12-30 10:06:50]ID 为 2520 的进程当前未运行。
[2013-12-30 10:06:51]定时器正在运行
[2013-12-30 10:06:51]ID 为 2520 的进程当前未运行。
[2013-12-30 10:06:52]定时器正在运行
[2013-12-30 10:06:52]ID 为 2520 的进程当前未运行。
[2013-12-30 10:06:53]定时器正在运行
[2013-12-30 10:06:53]ID 为 2520 的进程当前未运行。
[2013-12-30 10:06:54]定时器正在运行
[2013-12-30 10:06:54]ID 为 2520 的进程当前未运行。
[2013-12-30 10:06:55]定时器正在运行
[2013-12-30 10:06:55]ID 为 2520 的进程当前未运行。
[2013-12-30 10:06:56]定时器正在运行
[2013-12-30 10:06:56]ID 为 2520 的进程当前未运行。
[2013-12-30 10:06:57]定时器正在运行
[2013-12-30 10:06:57]ID 为 2520 的进程当前未运行。
[2013-12-30 10:12:27]初始化水晶报表组件完成
[2013-12-30 10:12:34]TrasenHIS进程:3592启动的进程:5660
[2013-12-30 10:12:34]正在监听端口4256
[2013-12-30 10:12:35]初始化水晶报表组件完成
[2013-12-30 10:12:35]定时器正在运行
[2013-12-30 10:12:36]定时器正在运行
[2013-12-30 10:12:37]定时器正在运行
[2013-12-30 10:12:38]定时器正在运行
[2013-12-30 10:12:39]定时器正在运行
[2013-12-30 10:12:40]定时器正在运行
[2013-12-30 10:12:41]定时器正在运行
[2013-12-30 10:12:42]定时器正在运行
[2013-12-30 10:22:39]初始化水晶报表组件完成
[2013-12-30 14:48:41]初始化水晶报表组件完成
[2013-12-30 14:48:56]初始化水晶报表组件完成
[2013-12-30 14:49:05]TrasenHIS进程:8832启动的进程:2356
[2013-12-30 14:49:05]正在监听端口4116
[2013-12-30 14:49:05]初始化水晶报表组件完成
[2013-12-30 14:58:49]初始化水晶报表组件完成
[2013-12-30 15:00:28]初始化水晶报表组件完成
[2013-12-30 16:14:32]初始化水晶报表组件完成
[2013-12-30 16:14:42]TrasenHIS进程:4440启动的进程:10232
[2013-12-30 16:14:42]启动消息侦听进程.
[2013-12-30 16:14:42]正在监听端口4169
[2013-12-30 16:14:43]初始化水晶报表组件完成
[2013-12-30 16:20:00]TrasenHIS进程:4440启动的进程:5600
[2013-12-30 16:20:00]启动消息侦听进程.
[2013-12-30 16:20:00]正在监听端口4169
[2013-12-30 16:20:01]初始化水晶报表组件完成
[2013-12-30 16:20:34]TrasenHIS进程:4440启动的进程:9716
[2013-12-30 16:20:34]启动消息侦听进程.
[2013-12-30 16:20:34]正在监听端口4169
[2013-12-30 16:20:34]初始化水晶报表组件完成
[2013-12-30 16:20:45]TrasenHIS进程:4440启动的进程:6152
[2013-12-30 16:20:45]启动消息侦听进程.
[2013-12-30 16:20:45]正在监听端口4169
[2013-12-30 16:20:46]初始化水晶报表组件完成
[2013-12-30 16:20:53]未将对象引用设置到对象的实例。
[2013-12-30 16:42:06]初始化水晶报表组件完成
[2013-12-30 16:42:32]TrasenHIS进程:10108启动的进程:8180
[2013-12-30 16:42:32]启动消息侦听进程.
[2013-12-30 16:42:32]正在监听端口4392
[2013-12-30 16:42:33]初始化水晶报表组件完成
[2013-12-30 16:46:39]TrasenHIS进程:10108启动的进程:7712
[2013-12-30 16:46:40]启动消息侦听进程.
[2013-12-30 16:46:40]正在监听端口4392
[2013-12-30 16:46:40]初始化水晶报表组件完成
[2013-12-30 16:50:36]TrasenHIS进程:10108启动的进程:8912
[2013-12-30 16:50:36]启动消息侦听进程.
[2013-12-30 16:50:36]正在监听端口4392
[2013-12-30 16:50:36]初始化水晶报表组件完成
[2013-12-30 16:53:19]TrasenHIS进程:10108启动的进程:1556
[2013-12-30 16:53:19]启动消息侦听进程.
[2013-12-30 16:53:19]正在监听端口4392
[2013-12-30 16:53:20]初始化水晶报表组件完成
[2014-01-13 17:17:10]初始化水晶报表组件完成
[2014-01-13 17:19:14]TrasenHIS进程:17760启动的进程:10336
[2014-01-13 17:19:14]启动消息侦听进程.
[2014-01-13 17:19:14]正在监听端口4857
[2014-01-13 17:19:15]初始化水晶报表组件完成
[2014-01-13 17:20:12]初始化水晶报表组件完成
[2014-01-13 17:20:23]TrasenHIS进程:19208启动的进程:19420
[2014-01-13 17:20:23]启动消息侦听进程.
[2014-01-13 17:20:23]正在监听端口4197
[2014-01-13 17:20:23]初始化水晶报表组件完成
[2014-01-13 17:21:21]监听过程中发生错误：一个封锁操作被对 WSACancelBlockingCall 的调用中断。
[2014-01-13 17:21:28]初始化水晶报表组件完成
[2014-01-13 17:21:35]TrasenHIS进程:17900启动的进程:14100
[2014-01-13 17:21:35]启动消息侦听进程.
[2014-01-13 17:21:35]正在监听端口4935
[2014-01-13 17:21:35]初始化水晶报表组件完成
[2014-01-13 17:23:11]监听过程中发生错误：一个封锁操作被对 WSACancelBlockingCall 的调用中断。
[2014-01-13 17:23:25]初始化水晶报表组件完成
[2014-01-13 17:23:30]TrasenHIS进程:13832启动的进程:10792
[2014-01-13 17:23:30]启动消息侦听进程.
[2014-01-13 17:23:30]正在监听端口4867
[2014-01-13 17:23:30]初始化水晶报表组件完成
[2014-01-13 17:26:49]监听过程中发生错误：一个封锁操作被对 WSACancelBlockingCall 的调用中断。
[2014-01-13 17:26:55]初始化水晶报表组件完成
[2014-01-13 17:27:01]TrasenHIS进程:2736启动的进程:19604
[2014-01-13 17:27:01]启动消息侦听进程.
[2014-01-13 17:27:01]正在监听端口4631
[2014-01-13 17:27:01]初始化水晶报表组件完成
[2014-01-13 17:28:05]监听过程中发生错误：一个封锁操作被对 WSACancelBlockingCall 的调用中断。
[2014-01-13 17:28:16]初始化水晶报表组件完成
[2014-01-13 17:28:21]TrasenHIS进程:11920启动的进程:3540
[2014-01-13 17:28:21]启动消息侦听进程.
[2014-01-13 17:28:21]正在监听端口4699
[2014-01-13 17:28:21]初始化水晶报表组件完成
[2014-01-13 17:29:47]监听过程中发生错误：一个封锁操作被对 WSACancelBlockingCall 的调用中断。
[2014-01-13 17:29:53]初始化水晶报表组件完成
[2014-01-13 17:29:59]TrasenHIS进程:17352启动的进程:6228
[2014-01-13 17:29:59]启动消息侦听进程.
[2014-01-13 17:29:59]正在监听端口4773
[2014-01-13 17:29:59]初始化水晶报表组件完成
[2014-01-13 17:30:25]监听过程中发生错误：一个封锁操作被对 WSACancelBlockingCall 的调用中断。
[2014-01-22 17:24:08]初始化水晶报表组件完成
[2014-01-22 17:24:17]TrasenHIS进程:3992启动的进程:4744
[2014-01-22 17:24:17]启动消息侦听进程.
[2014-01-22 17:24:17]正在监听端口4595
[2014-01-22 17:24:18]初始化水晶报表组件完成
[2014-01-22 17:24:31]初始化水晶报表组件完成
[2014-01-22 17:24:37]TrasenHIS进程:4380启动的进程:5544
[2014-01-22 17:24:37]启动消息侦听进程.
[2014-01-22 17:24:37]正在监听端口4174
[2014-01-22 17:24:37]初始化水晶报表组件完成
[2014-01-22 17:24:52]消息已发送至192.168.1.58:4880
[2014-01-22 17:25:01]消息已发送至192.168.1.58:4880
[2014-01-22 17:25:11]消息已发送至192.168.1.58:4880
[2014-01-22 17:25:33]消息已发送至192.168.1.58:4880
[2014-01-22 17:26:07]TrasenHIS进程:4380启动的进程:8328
[2014-01-22 17:26:07]启动消息侦听进程.
[2014-01-22 17:26:07]正在监听端口4174
[2014-01-22 17:26:08]初始化水晶报表组件完成
[2014-01-22 17:26:16]TrasenHIS进程:4380启动的进程:8736
[2014-01-22 17:26:16]启动消息侦听进程.
[2014-01-22 17:26:16]正在监听端口4174
[2014-01-22 17:26:16]初始化水晶报表组件完成
[2014-01-22 17:26:40]消息已发送至192.168.1.58:4174
[2014-01-22 17:28:40]初始化水晶报表组件完成
[2014-01-22 17:28:58]TrasenHIS进程:9104启动的进程:9592
[2014-01-22 17:28:58]启动消息侦听进程.
[2014-01-22 17:28:58]正在监听端口4650
[2014-01-22 17:28:58]初始化水晶报表组件完成
[2014-01-22 17:29:02]初始化水晶报表组件完成
[2014-01-22 17:29:14]TrasenHIS进程:9740启动的进程:10180
[2014-01-22 17:29:14]启动消息侦听进程.
[2014-01-22 17:29:14]正在监听端口4105
[2014-01-22 17:29:14]初始化水晶报表组件完成
[2014-01-22 17:30:23]消息已发送至192.168.1.58:4105
[2014-01-22 17:30:23]端口4105接收到数据,EndPoint:InterNetwork
[2014-01-22 17:30:23]正在监听端口4105
[2014-01-22 17:30:29]消息已发送至192.168.1.58:4650
[2014-01-22 17:30:29]正在监听端口4650
[2014-01-22 17:31:04]初始化水晶报表组件完成
[2014-01-22 17:31:09]TrasenHIS进程:9260启动的进程:8332
[2014-01-22 17:31:09]启动消息侦听进程.
[2014-01-22 17:31:09]正在监听端口4594
[2014-01-22 17:31:09]初始化水晶报表组件完成
[2014-01-22 17:31:15]select (case when DealStatus = 0 then '未处理' when DealStatus = 1 then '已忽略' when DealStatus = 2 then '已处理' end) as StatusName,
                            dbo.fun_getempname(SendStaff) as SendStaffName,dbo.fun_getempname(FirstReader) as ReciveStaffName,
                            * from Pub_Message_Record where 1=1  and SendTime>='2014-01-22 00:00:00' and SendTime<='2014-01-22 00:00:00'
[2014-01-22 17:31:55]初始化水晶报表组件完成
[2014-01-22 17:32:04]TrasenHIS进程:4256启动的进程:6700
[2014-01-22 17:32:04]启动消息侦听进程.
[2014-01-22 17:32:04]正在监听端口4864
[2014-01-22 17:32:04]初始化水晶报表组件完成
[2014-01-22 17:32:35]消息已发送至192.168.1.58:4594
[2014-01-22 17:32:35]正在监听端口4594
[2014-01-22 17:32:58]消息已发送至192.168.1.58:4594
[2014-01-22 17:32:58]正在监听端口4594
[2014-01-22 17:34:47]监听过程中发生错误：一个封锁操作被对 WSACancelBlockingCall 的调用中断。
[2014-01-22 17:40:20]初始化水晶报表组件完成
[2014-01-22 17:40:26]TrasenHIS进程:9760启动的进程:4064
[2014-01-22 17:40:26]启动消息侦听进程.
[2014-01-22 17:40:26]正在监听端口4268
[2014-01-22 17:40:27]初始化水晶报表组件完成
[2014-01-22 17:40:31]初始化水晶报表组件完成
[2014-01-22 17:40:36]TrasenHIS进程:7248启动的进程:8784
[2014-01-22 17:40:36]启动消息侦听进程.
[2014-01-22 17:40:36]正在监听端口4214
[2014-01-22 17:40:36]初始化水晶报表组件完成
[2014-01-22 17:41:00]消息已发送至192.168.1.58:4268
[2014-01-22 17:41:00]端口4268接收到数据,EndPoint:InterNetwork
[2014-01-22 17:41:00]正在监听端口4268
[2014-01-22 17:42:36]初始化水晶报表组件完成
[2014-01-22 17:42:39]TrasenHIS进程:9468启动的进程:9288
[2014-01-22 17:42:39]启动消息侦听进程.
[2014-01-22 17:42:39]正在监听端口4562
[2014-01-22 17:42:40]初始化水晶报表组件完成
[2014-01-22 17:42:45]初始化水晶报表组件完成
[2014-01-22 17:42:49]TrasenHIS进程:10196启动的进程:7896
[2014-01-22 17:42:49]启动消息侦听进程.
[2014-01-22 17:42:49]正在监听端口4756
[2014-01-22 17:42:49]初始化水晶报表组件完成
[2014-01-22 17:43:42]消息已发送至192.168.1.58:4562
[2014-01-22 17:43:42]端口4562接收到数据,EndPoint:InterNetwork
[2014-01-22 17:43:42]正在监听端口4562
[2014-01-22 17:44:07]监听过程中发生错误：一个封锁操作被对 WSACancelBlockingCall 的调用中断。
[2014-04-09 09:58:20]初始化水晶报表组件完成
[2014-04-09 09:59:52]初始化水晶报表组件完成
[2014-04-09 10:00:43]初始化水晶报表组件完成
[2014-04-09 10:08:48]初始化水晶报表组件完成
[2014-04-09 10:13:18]初始化水晶报表组件完成
[2014-04-09 10:14:01]初始化水晶报表组件完成
[2014-04-09 10:15:49]初始化水晶报表组件完成
[2014-04-09 10:17:33]初始化水晶报表组件完成
[2014-04-09 10:20:01]初始化水晶报表组件完成
[2014-04-09 10:20:46]初始化水晶报表组件完成
[2014-04-09 10:21:56]初始化水晶报表组件完成
[2014-04-09 10:25:35]初始化水晶报表组件完成
[2014-04-09 10:31:48]初始化水晶报表组件完成
[2014-04-09 10:32:07]初始化水晶报表组件完成
[2014-04-09 10:32:44]初始化水晶报表组件完成
[2014-04-09 10:32:56]初始化水晶报表组件完成
[2014-04-09 10:37:42]初始化水晶报表组件完成
[2014-04-09 10:38:22]初始化水晶报表组件完成
[2014-04-09 10:42:38]初始化水晶报表组件完成
[2014-04-09 10:49:46]初始化水晶报表组件完成
[2014-04-09 10:50:26]初始化水晶报表组件完成
[2014-04-09 10:50:50]初始化水晶报表组件完成
[2014-04-09 11:05:39]初始化水晶报表组件完成
[2014-04-09 11:06:28]初始化水晶报表组件完成
[2014-04-09 11:06:42]初始化水晶报表组件完成
[2014-04-09 11:06:54]初始化水晶报表组件完成
[2014-04-09 11:08:02]初始化水晶报表组件完成
[2014-04-09 11:08:25]初始化水晶报表组件完成
[2014-04-09 11:08:44]初始化水晶报表组件完成
[2014-04-09 11:09:13]初始化水晶报表组件完成
[2014-04-09 11:10:01]初始化水晶报表组件完成
[2014-04-09 11:10:17]初始化水晶报表组件完成
[2014-04-09 11:10:34]初始化水晶报表组件完成
[2014-04-09 11:10:56]初始化水晶报表组件完成
[2014-04-09 11:11:40]初始化水晶报表组件完成
[2014-04-09 11:12:47]初始化水晶报表组件完成
[2014-04-09 11:39:58]初始化水晶报表组件完成
[2014-04-09 13:14:20]初始化水晶报表组件完成
[2014-04-11 08:40:20]初始化水晶报表组件完成
[2014-04-11 08:44:31]初始化水晶报表组件完成
[2014-04-11 08:52:35]初始化水晶报表组件完成
[2014-04-11 08:55:14]初始化水晶报表组件完成
[2014-05-20 16:06:50]初始化水晶报表组件完成
[2014-05-20 16:11:06]初始化水晶报表组件完成
[2014-05-20 16:12:50]初始化水晶报表组件完成
[2014-05-20 16:12:59]初始化水晶报表组件完成
[2014-05-20 16:15:25]初始化水晶报表组件完成
[2014-05-20 16:16:22]初始化水晶报表组件完成
[2014-05-20 16:16:46]初始化水晶报表组件完成
[2014-05-20 16:18:44]初始化水晶报表组件完成
[2014-05-20 16:19:01]初始化水晶报表组件完成
[2014-05-20 16:19:57]初始化水晶报表组件完成
[2014-05-20 16:20:26]初始化水晶报表组件完成
[2014-05-20 16:46:39]初始化水晶报表组件完成
[2014-05-20 16:46:56]TrasenHIS进程:800启动的进程:3380
[2014-05-20 16:46:56]启动消息侦听进程.
[2014-05-20 16:46:56]正在监听端口4753
[2014-05-20 16:46:57]初始化水晶报表组件完成
[2014-05-20 16:54:56]监听过程中发生错误：一个封锁操作被对 WSACancelBlockingCall 的调用中断。
[2014-05-21 12:00:13]初始化水晶报表组件完成
[2014-05-21 12:01:50]初始化水晶报表组件完成
[2014-05-21 16:08:20]初始化水晶报表组件完成
[2014-05-21 16:09:44]初始化水晶报表组件完成
[2014-05-21 16:11:36]初始化水晶报表组件完成
[2014-05-21 16:14:34]初始化水晶报表组件完成
[2014-05-21 16:14:40]TrasenHIS进程:4132启动的进程:4772
[2014-05-21 16:14:40]启动消息侦听进程.
[2014-05-21 16:14:40]正在监听端口4732
[2014-05-21 16:14:41]初始化水晶报表组件完成
[2014-05-21 16:17:50]监听过程中发生错误：一个封锁操作被对 WSACancelBlockingCall 的调用中断。
[2014-05-21 16:18:23]初始化水晶报表组件完成
[2014-05-21 16:18:30]TrasenHIS进程:5732启动的进程:4804
[2014-05-21 16:18:30]启动消息侦听进程.
[2014-05-21 16:18:30]正在监听端口4372
[2014-05-21 16:18:31]初始化水晶报表组件完成
[2014-07-10 12:39:05]初始化水晶报表组件完成
