Trasen.exe Created Log File
********************************************** Local Time : 2014/4/9 9:58:19 **********************************************
[2014-04-09 09:58:19]Begin Invoke “StartupMain(string,TrasenFrame.Classs.ConnectionType,string,bool,bool)”
[2014-04-09 09:58:19]Initialize Database Connection Object (TrasenFrame.Forms.FrmMdiMain.Database.Initialize( connectionString ))
[2014-04-09 09:58:19]Start Check Update File
[2014-04-09 09:58:19]UpdateFile.ini->[UPDATETYPE]->NotUpdate=true,Stop Update and Return to Main Program
********************************************** Local Time : 2014/4/9 9:59:52 **********************************************
[2014-04-09 09:59:52]Begin Invoke “StartupMain(string,TrasenFrame.Classs.ConnectionType,string,bool,bool)”
[2014-04-09 09:59:52]Initialize Database Connection Object (TrasenFrame.Forms.FrmMdiMain.Database.Initialize( connectionString ))
[2014-04-09 09:59:52]Start Check Update File
[2014-04-09 09:59:52]UpdateFile.ini->[UPDATETYPE]->NotUpdate=true,Stop Update and Return to Main Program
********************************************** Local Time : 2014/4/9 10:00:43 **********************************************
[2014-04-09 10:00:43]Begin Invoke “StartupMain(string,TrasenFrame.Classs.ConnectionType,string,bool,bool)”
[2014-04-09 10:00:43]Initialize Database Connection Object (TrasenFrame.Forms.FrmMdiMain.Database.Initialize( connectionString ))
[2014-04-09 10:00:43]Start Check Update File
[2014-04-09 10:00:43]UpdateFile.ini->[UPDATETYPE]->NotUpdate=true,Stop Update and Return to Main Program
********************************************** Local Time : 2014/4/9 10:08:48 **********************************************
[2014-04-09 10:08:48]Begin Invoke “StartupMain(string,TrasenFrame.Classs.ConnectionType,string,bool,bool)”
[2014-04-09 10:08:48]Initialize Database Connection Object (TrasenFrame.Forms.FrmMdiMain.Database.Initialize( connectionString ))
[2014-04-09 10:08:48]Start Check Update File
[2014-04-09 10:08:48]UpdateFile.ini->[UPDATETYPE]->NotUpdate=true,Stop Update and Return to Main Program
********************************************** Local Time : 2014/4/9 10:13:18 **********************************************
[2014-04-09 10:13:18]Begin Invoke “StartupMain(string,TrasenFrame.Classs.ConnectionType,string,bool,bool)”
[2014-04-09 10:13:18]Initialize Database Connection Object (TrasenFrame.Forms.FrmMdiMain.Database.Initialize( connectionString ))
[2014-04-09 10:13:18]Start Check Update File
[2014-04-09 10:13:18]UpdateFile.ini->[UPDATETYPE]->NotUpdate=true,Stop Update and Return to Main Program
********************************************** Local Time : 2014/4/9 10:14:00 **********************************************
[2014-04-09 10:14:00]Begin Invoke “StartupMain(string,TrasenFrame.Classs.ConnectionType,string,bool,bool)”
[2014-04-09 10:14:00]Initialize Database Connection Object (TrasenFrame.Forms.FrmMdiMain.Database.Initialize( connectionString ))
[2014-04-09 10:14:00]Start Check Update File
[2014-04-09 10:14:00]UpdateFile.ini->[UPDATETYPE]->NotUpdate=true,Stop Update and Return to Main Program
********************************************** Local Time : 2014/4/9 10:15:48 **********************************************
[2014-04-09 10:15:48]Begin Invoke “StartupMain(string,TrasenFrame.Classs.ConnectionType,string,bool,bool)”
[2014-04-09 10:15:48]Initialize Database Connection Object (TrasenFrame.Forms.FrmMdiMain.Database.Initialize( connectionString ))
[2014-04-09 10:15:48]Start Check Update File
[2014-04-09 10:15:49]UpdateFile.ini->[UPDATETYPE]->NotUpdate=true,Stop Update and Return to Main Program
********************************************** Local Time : 2014/4/9 10:17:33 **********************************************
[2014-04-09 10:17:33]Begin Invoke “StartupMain(string,TrasenFrame.Classs.ConnectionType,string,bool,bool)”
[2014-04-09 10:17:33]Initialize Database Connection Object (TrasenFrame.Forms.FrmMdiMain.Database.Initialize( connectionString ))
[2014-04-09 10:17:33]Start Check Update File
[2014-04-09 10:17:33]UpdateFile.ini->[UPDATETYPE]->NotUpdate=true,Stop Update and Return to Main Program
********************************************** Local Time : 2014/4/9 10:20:00 **********************************************
[2014-04-09 10:20:00]Begin Invoke “StartupMain(string,TrasenFrame.Classs.ConnectionType,string,bool,bool)”
[2014-04-09 10:20:01]Initialize Database Connection Object (TrasenFrame.Forms.FrmMdiMain.Database.Initialize( connectionString ))
[2014-04-09 10:20:01]Start Check Update File
[2014-04-09 10:20:01]UpdateFile.ini->[UPDATETYPE]->NotUpdate=true,Stop Update and Return to Main Program
********************************************** Local Time : 2014/4/9 10:20:46 **********************************************
[2014-04-09 10:20:46]Begin Invoke “StartupMain(string,TrasenFrame.Classs.ConnectionType,string,bool,bool)”
[2014-04-09 10:20:46]Initialize Database Connection Object (TrasenFrame.Forms.FrmMdiMain.Database.Initialize( connectionString ))
[2014-04-09 10:20:46]Start Check Update File
[2014-04-09 10:20:46]UpdateFile.ini->[UPDATETYPE]->NotUpdate=true,Stop Update and Return to Main Program
********************************************** Local Time : 2014/4/9 10:21:56 **********************************************
[2014-04-09 10:21:56]Begin Invoke “StartupMain(string,TrasenFrame.Classs.ConnectionType,string,bool,bool)”
[2014-04-09 10:21:56]Initialize Database Connection Object (TrasenFrame.Forms.FrmMdiMain.Database.Initialize( connectionString ))
[2014-04-09 10:21:56]Start Check Update File
[2014-04-09 10:21:56]UpdateFile.ini->[UPDATETYPE]->NotUpdate=true,Stop Update and Return to Main Program
********************************************** Local Time : 2014/4/9 10:25:35 **********************************************
[2014-04-09 10:25:35]Begin Invoke “StartupMain(string,TrasenFrame.Classs.ConnectionType,string,bool,bool)”
[2014-04-09 10:25:35]Initialize Database Connection Object (TrasenFrame.Forms.FrmMdiMain.Database.Initialize( connectionString ))
[2014-04-09 10:25:35]Start Check Update File
[2014-04-09 10:25:35]UpdateFile.ini->[UPDATETYPE]->NotUpdate=true,Stop Update and Return to Main Program
********************************************** Local Time : 2014/4/9 10:31:47 **********************************************
[2014-04-09 10:31:47]Begin Invoke “StartupMain(string,TrasenFrame.Classs.ConnectionType,string,bool,bool)”
[2014-04-09 10:31:47]Initialize Database Connection Object (TrasenFrame.Forms.FrmMdiMain.Database.Initialize( connectionString ))
[2014-04-09 10:31:47]Start Check Update File
[2014-04-09 10:31:47]UpdateFile.ini->[UPDATETYPE]->NotUpdate=true,Stop Update and Return to Main Program
********************************************** Local Time : 2014/4/9 10:32:07 **********************************************
[2014-04-09 10:32:07]Begin Invoke “StartupMain(string,TrasenFrame.Classs.ConnectionType,string,bool,bool)”
[2014-04-09 10:32:07]Initialize Database Connection Object (TrasenFrame.Forms.FrmMdiMain.Database.Initialize( connectionString ))
[2014-04-09 10:32:07]Start Check Update File
[2014-04-09 10:32:07]UpdateFile.ini->[UPDATETYPE]->NotUpdate=true,Stop Update and Return to Main Program
********************************************** Local Time : 2014/4/9 10:32:44 **********************************************
[2014-04-09 10:32:44]Begin Invoke “StartupMain(string,TrasenFrame.Classs.ConnectionType,string,bool,bool)”
[2014-04-09 10:32:44]Initialize Database Connection Object (TrasenFrame.Forms.FrmMdiMain.Database.Initialize( connectionString ))
[2014-04-09 10:32:44]Start Check Update File
[2014-04-09 10:32:44]UpdateFile.ini->[UPDATETYPE]->NotUpdate=true,Stop Update and Return to Main Program
********************************************** Local Time : 2014/4/9 10:32:55 **********************************************
[2014-04-09 10:32:55]Begin Invoke “StartupMain(string,TrasenFrame.Classs.ConnectionType,string,bool,bool)”
[2014-04-09 10:32:55]Initialize Database Connection Object (TrasenFrame.Forms.FrmMdiMain.Database.Initialize( connectionString ))
[2014-04-09 10:32:55]Start Check Update File
[2014-04-09 10:32:55]UpdateFile.ini->[UPDATETYPE]->NotUpdate=true,Stop Update and Return to Main Program
********************************************** Local Time : 2014/4/9 10:37:41 **********************************************
[2014-04-09 10:37:41]Begin Invoke “StartupMain(string,TrasenFrame.Classs.ConnectionType,string,bool,bool)”
[2014-04-09 10:37:41]Initialize Database Connection Object (TrasenFrame.Forms.FrmMdiMain.Database.Initialize( connectionString ))
[2014-04-09 10:37:41]Start Check Update File
[2014-04-09 10:37:41]UpdateFile.ini->[UPDATETYPE]->NotUpdate=true,Stop Update and Return to Main Program
********************************************** Local Time : 2014/4/9 10:38:22 **********************************************
[2014-04-09 10:38:22]Begin Invoke “StartupMain(string,TrasenFrame.Classs.ConnectionType,string,bool,bool)”
[2014-04-09 10:38:22]Initialize Database Connection Object (TrasenFrame.Forms.FrmMdiMain.Database.Initialize( connectionString ))
[2014-04-09 10:38:22]Start Check Update File
[2014-04-09 10:38:22]UpdateFile.ini->[UPDATETYPE]->NotUpdate=true,Stop Update and Return to Main Program
********************************************** Local Time : 2014/4/9 10:42:37 **********************************************
[2014-04-09 10:42:37]Begin Invoke “StartupMain(string,TrasenFrame.Classs.ConnectionType,string,bool,bool)”
[2014-04-09 10:42:37]Initialize Database Connection Object (TrasenFrame.Forms.FrmMdiMain.Database.Initialize( connectionString ))
[2014-04-09 10:42:38]Start Check Update File
[2014-04-09 10:42:38]UpdateFile.ini->[UPDATETYPE]->NotUpdate=true,Stop Update and Return to Main Program
********************************************** Local Time : 2014/4/9 10:49:45 **********************************************
[2014-04-09 10:49:45]Begin Invoke “StartupMain(string,TrasenFrame.Classs.ConnectionType,string,bool,bool)”
[2014-04-09 10:49:45]Initialize Database Connection Object (TrasenFrame.Forms.FrmMdiMain.Database.Initialize( connectionString ))
[2014-04-09 10:49:45]Start Check Update File
[2014-04-09 10:49:45]UpdateFile.ini->[UPDATETYPE]->NotUpdate=true,Stop Update and Return to Main Program
********************************************** Local Time : 2014/4/9 10:50:25 **********************************************
[2014-04-09 10:50:25]Begin Invoke “StartupMain(string,TrasenFrame.Classs.ConnectionType,string,bool,bool)”
[2014-04-09 10:50:26]Initialize Database Connection Object (TrasenFrame.Forms.FrmMdiMain.Database.Initialize( connectionString ))
[2014-04-09 10:50:26]Start Check Update File
[2014-04-09 10:50:26]UpdateFile.ini->[UPDATETYPE]->NotUpdate=true,Stop Update and Return to Main Program
********************************************** Local Time : 2014/4/9 10:50:49 **********************************************
[2014-04-09 10:50:49]Begin Invoke “StartupMain(string,TrasenFrame.Classs.ConnectionType,string,bool,bool)”
[2014-04-09 10:50:49]Initialize Database Connection Object (TrasenFrame.Forms.FrmMdiMain.Database.Initialize( connectionString ))
[2014-04-09 10:50:49]Start Check Update File
[2014-04-09 10:50:50]UpdateFile.ini->[UPDATETYPE]->NotUpdate=true,Stop Update and Return to Main Program
********************************************** Local Time : 2014/4/9 11:05:39 **********************************************
[2014-04-09 11:05:39]Begin Invoke “StartupMain(string,TrasenFrame.Classs.ConnectionType,string,bool,bool)”
[2014-04-09 11:05:39]Initialize Database Connection Object (TrasenFrame.Forms.FrmMdiMain.Database.Initialize( connectionString ))
[2014-04-09 11:05:39]Start Check Update File
[2014-04-09 11:05:39]UpdateFile.ini->[UPDATETYPE]->NotUpdate=true,Stop Update and Return to Main Program
********************************************** Local Time : 2014/4/9 11:06:27 **********************************************
[2014-04-09 11:06:27]Begin Invoke “StartupMain(string,TrasenFrame.Classs.ConnectionType,string,bool,bool)”
[2014-04-09 11:06:27]Initialize Database Connection Object (TrasenFrame.Forms.FrmMdiMain.Database.Initialize( connectionString ))
[2014-04-09 11:06:27]Start Check Update File
[2014-04-09 11:06:27]UpdateFile.ini->[UPDATETYPE]->NotUpdate=true,Stop Update and Return to Main Program
********************************************** Local Time : 2014/4/9 11:06:41 **********************************************
[2014-04-09 11:06:41]Begin Invoke “StartupMain(string,TrasenFrame.Classs.ConnectionType,string,bool,bool)”
[2014-04-09 11:06:41]Initialize Database Connection Object (TrasenFrame.Forms.FrmMdiMain.Database.Initialize( connectionString ))
[2014-04-09 11:06:41]Start Check Update File
[2014-04-09 11:06:42]UpdateFile.ini->[UPDATETYPE]->NotUpdate=true,Stop Update and Return to Main Program
********************************************** Local Time : 2014/4/9 11:06:53 **********************************************
[2014-04-09 11:06:53]Begin Invoke “StartupMain(string,TrasenFrame.Classs.ConnectionType,string,bool,bool)”
[2014-04-09 11:06:53]Initialize Database Connection Object (TrasenFrame.Forms.FrmMdiMain.Database.Initialize( connectionString ))
[2014-04-09 11:06:53]Start Check Update File
[2014-04-09 11:06:53]UpdateFile.ini->[UPDATETYPE]->NotUpdate=true,Stop Update and Return to Main Program
********************************************** Local Time : 2014/4/9 11:08:02 **********************************************
[2014-04-09 11:08:02]Begin Invoke “StartupMain(string,TrasenFrame.Classs.ConnectionType,string,bool,bool)”
[2014-04-09 11:08:02]Initialize Database Connection Object (TrasenFrame.Forms.FrmMdiMain.Database.Initialize( connectionString ))
[2014-04-09 11:08:02]Start Check Update File
[2014-04-09 11:08:02]UpdateFile.ini->[UPDATETYPE]->NotUpdate=true,Stop Update and Return to Main Program
********************************************** Local Time : 2014/4/9 11:08:25 **********************************************
[2014-04-09 11:08:25]Begin Invoke “StartupMain(string,TrasenFrame.Classs.ConnectionType,string,bool,bool)”
[2014-04-09 11:08:25]Initialize Database Connection Object (TrasenFrame.Forms.FrmMdiMain.Database.Initialize( connectionString ))
[2014-04-09 11:08:25]Start Check Update File
[2014-04-09 11:08:25]UpdateFile.ini->[UPDATETYPE]->NotUpdate=true,Stop Update and Return to Main Program
********************************************** Local Time : 2014/4/9 11:08:44 **********************************************
[2014-04-09 11:08:44]Begin Invoke “StartupMain(string,TrasenFrame.Classs.ConnectionType,string,bool,bool)”
[2014-04-09 11:08:44]Initialize Database Connection Object (TrasenFrame.Forms.FrmMdiMain.Database.Initialize( connectionString ))
[2014-04-09 11:08:44]Start Check Update File
[2014-04-09 11:08:44]UpdateFile.ini->[UPDATETYPE]->NotUpdate=true,Stop Update and Return to Main Program
********************************************** Local Time : 2014/4/9 11:09:12 **********************************************
[2014-04-09 11:09:12]Begin Invoke “StartupMain(string,TrasenFrame.Classs.ConnectionType,string,bool,bool)”
[2014-04-09 11:09:12]Initialize Database Connection Object (TrasenFrame.Forms.FrmMdiMain.Database.Initialize( connectionString ))
[2014-04-09 11:09:12]Start Check Update File
[2014-04-09 11:09:12]UpdateFile.ini->[UPDATETYPE]->NotUpdate=true,Stop Update and Return to Main Program
********************************************** Local Time : 2014/4/9 11:10:00 **********************************************
[2014-04-09 11:10:00]Begin Invoke “StartupMain(string,TrasenFrame.Classs.ConnectionType,string,bool,bool)”
[2014-04-09 11:10:00]Initialize Database Connection Object (TrasenFrame.Forms.FrmMdiMain.Database.Initialize( connectionString ))
[2014-04-09 11:10:00]Start Check Update File
[2014-04-09 11:10:00]UpdateFile.ini->[UPDATETYPE]->NotUpdate=true,Stop Update and Return to Main Program
********************************************** Local Time : 2014/4/9 11:10:17 **********************************************
[2014-04-09 11:10:17]Begin Invoke “StartupMain(string,TrasenFrame.Classs.ConnectionType,string,bool,bool)”
[2014-04-09 11:10:17]Initialize Database Connection Object (TrasenFrame.Forms.FrmMdiMain.Database.Initialize( connectionString ))
[2014-04-09 11:10:17]Start Check Update File
[2014-04-09 11:10:17]UpdateFile.ini->[UPDATETYPE]->NotUpdate=true,Stop Update and Return to Main Program
********************************************** Local Time : 2014/4/9 11:10:33 **********************************************
[2014-04-09 11:10:33]Begin Invoke “StartupMain(string,TrasenFrame.Classs.ConnectionType,string,bool,bool)”
[2014-04-09 11:10:33]Initialize Database Connection Object (TrasenFrame.Forms.FrmMdiMain.Database.Initialize( connectionString ))
[2014-04-09 11:10:33]Start Check Update File
[2014-04-09 11:10:34]UpdateFile.ini->[UPDATETYPE]->NotUpdate=true,Stop Update and Return to Main Program
********************************************** Local Time : 2014/4/9 11:10:55 **********************************************
[2014-04-09 11:10:55]Begin Invoke “StartupMain(string,TrasenFrame.Classs.ConnectionType,string,bool,bool)”
[2014-04-09 11:10:55]Initialize Database Connection Object (TrasenFrame.Forms.FrmMdiMain.Database.Initialize( connectionString ))
[2014-04-09 11:10:55]Start Check Update File
[2014-04-09 11:10:55]UpdateFile.ini->[UPDATETYPE]->NotUpdate=true,Stop Update and Return to Main Program
********************************************** Local Time : 2014/4/9 11:11:40 **********************************************
[2014-04-09 11:11:40]Begin Invoke “StartupMain(string,TrasenFrame.Classs.ConnectionType,string,bool,bool)”
[2014-04-09 11:11:40]Initialize Database Connection Object (TrasenFrame.Forms.FrmMdiMain.Database.Initialize( connectionString ))
[2014-04-09 11:11:40]Start Check Update File
[2014-04-09 11:11:40]UpdateFile.ini->[UPDATETYPE]->NotUpdate=true,Stop Update and Return to Main Program
********************************************** Local Time : 2014/4/9 11:12:46 **********************************************
[2014-04-09 11:12:46]Begin Invoke “StartupMain(string,TrasenFrame.Classs.ConnectionType,string,bool,bool)”
[2014-04-09 11:12:46]Initialize Database Connection Object (TrasenFrame.Forms.FrmMdiMain.Database.Initialize( connectionString ))
[2014-04-09 11:12:46]Start Check Update File
[2014-04-09 11:12:46]UpdateFile.ini->[UPDATETYPE]->NotUpdate=true,Stop Update and Return to Main Program
********************************************** Local Time : 2014/4/9 11:39:57 **********************************************
[2014-04-09 11:39:57]Begin Invoke “StartupMain(string,TrasenFrame.Classs.ConnectionType,string,bool,bool)”
[2014-04-09 11:39:57]Initialize Database Connection Object (TrasenFrame.Forms.FrmMdiMain.Database.Initialize( connectionString ))
[2014-04-09 11:39:57]Start Check Update File
[2014-04-09 11:39:57]UpdateFile.ini->[UPDATETYPE]->NotUpdate=true,Stop Update and Return to Main Program
********************************************** Local Time : 2014/4/9 13:14:19 **********************************************
[2014-04-09 13:14:19]Begin Invoke “StartupMain(string,TrasenFrame.Classs.ConnectionType,string,bool,bool)”
[2014-04-09 13:14:20]Initialize Database Connection Object (TrasenFrame.Forms.FrmMdiMain.Database.Initialize( connectionString ))
[2014-04-09 13:14:20]Start Check Update File
[2014-04-09 13:14:20]UpdateFile.ini->[UPDATETYPE]->NotUpdate=true,Stop Update and Return to Main Program
