Trasen.exe Created Log File
********************************************** Local Time : 2017/12/13 15:15:08 **********************************************
[2017-12-13 15:15:08]Begin Invoke “StartupMain(string,TrasenFrame.Classs.ConnectionType,string,bool,bool)”
[2017-12-13 15:15:19]Initialize Database Connection Object (TrasenFrame.Forms.FrmMdiMain.Database.Initialize( connectionString ))
[2017-12-13 15:15:19]Start Check Update File
[2017-12-13 15:15:19]UpdateFile.ini->[UPDATETYPE]->NotUpdate=true,Stop Update and Return to Main Program
[2017-12-13 15:15:21]Mian Window Load Successfully
********************************************** Local Time : 2017/12/13 15:44:49 **********************************************
[2017-12-13 15:44:49]Begin Invoke “StartupMain(string,TrasenFrame.Classs.ConnectionType,string,bool,bool)”
[2017-12-13 15:45:34]Initialize Database Connection Object (TrasenFrame.Forms.FrmMdiMain.Database.Initialize( connectionString ))
[2017-12-13 15:45:34]Start Check Update File
[2017-12-13 15:45:34]UpdateFile.ini->[UPDATETYPE]->NotUpdate=true,Stop Update and Return to Main Program
[2017-12-13 15:45:26]Mian Window Load Successfully
********************************************** Local Time : 2017/12/13 16:09:52 **********************************************
[2017-12-13 16:09:52]Begin Invoke “StartupMain(string,TrasenFrame.Classs.ConnectionType,string,bool,bool)”
[2017-12-13 16:09:55]Initialize Database Connection Object (TrasenFrame.Forms.FrmMdiMain.Database.Initialize( connectionString ))
[2017-12-13 16:09:55]Start Check Update File
[2017-12-13 16:09:55]UpdateFile.ini->[UPDATETYPE]->NotUpdate=true,Stop Update and Return to Main Program
[2017-12-13 16:10:21]Mian Window Load Successfully
********************************************** Local Time : 2017/12/13 16:19:55 **********************************************
[2017-12-13 16:19:55]Begin Invoke “StartupMain(string,TrasenFrame.Classs.ConnectionType,string,bool,bool)”
[2017-12-13 16:20:59]Initialize Database Connection Object (TrasenFrame.Forms.FrmMdiMain.Database.Initialize( connectionString ))
[2017-12-13 16:20:59]Start Check Update File
[2017-12-13 16:20:59]UpdateFile.ini->[UPDATETYPE]->NotUpdate=true,Stop Update and Return to Main Program
[2017-12-13 16:20:56]Mian Window Load Successfully
********************************************** Local Time : 2017/12/13 19:09:48 **********************************************
[2017-12-13 19:09:48]Begin Invoke “StartupMain(string,TrasenFrame.Classs.ConnectionType,string,bool,bool)”
[2017-12-13 19:09:54]Initialize Database Connection Object (TrasenFrame.Forms.FrmMdiMain.Database.Initialize( connectionString ))
[2017-12-13 19:09:54]Start Check Update File
[2017-12-13 19:09:55]UpdateFile.ini->[UPDATETYPE]->NotUpdate=true,Stop Update and Return to Main Program
[2017-12-13 19:10:02]Mian Window Load Successfully
