Trasen.exe Created Log File
********************************************** Local Time : 2017/11/30 15:18:03 **********************************************
[2017-11-30 15:18:04]Begin Invoke “StartupMain(string,TrasenFrame.Classs.ConnectionType,string,bool,bool)”
[2017-11-30 15:18:09]Initialize Database Connection Object (TrasenFrame.Forms.FrmMdiMain.Database.Initialize( connectionString ))
[2017-11-30 15:18:09]Start Check Update File
[2017-11-30 15:18:09]UpdateFile.ini->[UPDATETYPE]->NotUpdate=true,Stop Update and Return to Main Program
[2017-11-30 15:19:05]Mian Window Load Successfully
********************************************** Local Time : 2017/11/30 15:40:59 **********************************************
[2017-11-30 15:40:59]Begin Invoke “StartupMain(string,TrasenFrame.Classs.ConnectionType,string,bool,bool)”
[2017-11-30 15:41:02]Initialize Database Connection Object (TrasenFrame.Forms.FrmMdiMain.Database.Initialize( connectionString ))
[2017-11-30 15:41:02]Start Check Update File
[2017-11-30 15:41:03]UpdateFile.ini->[UPDATETYPE]->NotUpdate=true,Stop Update and Return to Main Program
[2017-11-30 15:41:11]Mian Window Load Successfully
********************************************** Local Time : 2017/11/30 16:09:57 **********************************************
[2017-11-30 16:09:57]Begin Invoke “StartupMain(string,TrasenFrame.Classs.ConnectionType,string,bool,bool)”
[2017-11-30 16:10:00]Initialize Database Connection Object (TrasenFrame.Forms.FrmMdiMain.Database.Initialize( connectionString ))
[2017-11-30 16:10:00]Start Check Update File
[2017-11-30 16:10:00]UpdateFile.ini->[UPDATETYPE]->NotUpdate=true,Stop Update and Return to Main Program
[2017-11-30 16:10:19]Mian Window Load Successfully
********************************************** Local Time : 2017/11/30 19:30:43 **********************************************
[2017-11-30 19:30:44]Begin Invoke “StartupMain(string,TrasenFrame.Classs.ConnectionType,string,bool,bool)”
[2017-11-30 19:30:47]Initialize Database Connection Object (TrasenFrame.Forms.FrmMdiMain.Database.Initialize( connectionString ))
[2017-11-30 19:30:47]Start Check Update File
[2017-11-30 19:30:47]UpdateFile.ini->[UPDATETYPE]->NotUpdate=true,Stop Update and Return to Main Program
[2017-11-30 19:31:01]Mian Window Load Successfully
********************************************** Local Time : 2017/11/30 19:45:55 **********************************************
[2017-11-30 19:45:55]Begin Invoke “StartupMain(string,TrasenFrame.Classs.ConnectionType,string,bool,bool)”
[2017-11-30 19:46:00]Initialize Database Connection Object (TrasenFrame.Forms.FrmMdiMain.Database.Initialize( connectionString ))
[2017-11-30 19:46:00]Start Check Update File
[2017-11-30 19:46:00]UpdateFile.ini->[UPDATETYPE]->NotUpdate=true,Stop Update and Return to Main Program
[2017-11-30 19:46:14]Mian Window Load Successfully
